{
  "RSpec": {
    "coverage": {
      "/home/rafael/ES022017/app/models/episode.rb": [
        1,
        1,
        null,
        1,
        1,
        1,
        1,
        null
      ],
      "/home/rafael/ES022017/spec/models/favorite_spec.rb": [
        1,
        null,
        1,
        1,
        1,
        null
      ],
      "/home/rafael/ES022017/app/models/favorite.rb": [
        1,
        1,
        1,
        null
      ],
      "/home/rafael/ES022017/spec/models/season_spec.rb": [
        1,
        null,
        1,
        1,
        null,
        1,
        1,
        null,
        1,
        0,
        null,
        null,
        null
      ],
      "/home/rafael/ES022017/app/models/season.rb": [
        1,
        1,
        null,
        1,
        1,
        null
      ],
      "/home/rafael/ES022017/spec/models/series_list_spec.rb": [
        1,
        null,
        1,
        1,
        1,
        null
      ],
      "/home/rafael/ES022017/app/models/series_list.rb": [
        1,
        1,
        1,
        1,
        null
      ],
      "/home/rafael/ES022017/spec/models/series_spec.rb": [
        1,
        null,
        1,
        1,
        1,
        1,
        1,
        null,
        1,
        null
      ],
      "/home/rafael/ES022017/app/models/series.rb": [
        1,
        1,
        null,
        1,
        1,
        1,
        1,
        null
      ],
      "/home/rafael/ES022017/spec/models/user_spec.rb": [
        1,
        null,
        1,
        1,
        null,
        1,
        1,
        1,
        null
      ]
    },
    "timestamp": 1511815560
  }
}
